<?xml version="1.0" encoding="UTF-8"?>
<testng-results ignored="0" total="1" passed="1" failed="0" skipped="0">
  <reporter-output>
  </reporter-output>
  <suite started-at="2024-03-19T15:14:11 IST" name="Default suite" finished-at="2024-03-19T15:14:11 IST" duration-ms="60">
    <groups>
    </groups>
    <test started-at="2024-03-19T15:14:11 IST" name="Default test" finished-at="2024-03-19T15:14:11 IST" duration-ms="60">
      <class name="testNG.ReverseString">
        <test-method signature="reverseString()[pri:0, instance:testNG.ReverseString@82de64a]" started-at="2024-03-19T15:14:11 IST" name="reverseString" finished-at="2024-03-19T15:14:11 IST" duration-ms="10" status="PASS">
          <reporter-output>
          </reporter-output>
        </test-method> <!-- reverseString -->
      </class> <!-- testNG.ReverseString -->
    </test> <!-- Default test -->
  </suite> <!-- Default suite -->
</testng-results>
